<?xml version="1.0" encoding="UTF-8"?>
<!-- Generated by org.testng.reporters.JUnitReportReporter -->
<testsuite skipped="0" hostname="DESKTOP-B7UDF6D" name="com.runner.T_Runner" tests="1" failures="0" timestamp="2022-02-06T18:50:11 IST" time="33.826" errors="0">
  <testcase name="launchBrowser" time="33.826" classname="com.runner.T_Runner"/>
  <system-out/>
</testsuite> <!-- com.runner.T_Runner -->
