<?xml version="1.0" encoding="UTF-8"?>
<!-- Generated by org.testng.reporters.JUnitReportReporter -->
<testsuite skipped="0" hostname="DESKTOP-B7UDF6D" name="com.runner.Test_Runner" tests="4" failures="0" timestamp="2022-02-06T13:43:11 IST" time="29.496" errors="0">
  <testcase name="launchBrowser" time="2.672" classname="com.runner.Test_Runner"/>
  <system-out/>
  <testcase name="first_Page" time="5.198" classname="com.runner.Test_Runner"/>
  <system-out/>
  <testcase name="secondPage" time="3.897" classname="com.runner.Test_Runner"/>
  <system-out/>
  <testcase name="finalPage" time="17.729" classname="com.runner.Test_Runner"/>
  <system-out/>
</testsuite> <!-- com.runner.Test_Runner -->
