<?xml version="1.0" encoding="UTF-8"?>
<!-- Generated by org.testng.reporters.JUnitReportReporter -->
<testsuite skipped="0" hostname="DESKTOP-B7UDF6D" name="parama.para" tests="1" failures="0" timestamp="2022-02-06T13:14:25 IST" time="0.026" errors="0">
  <testcase name="demo" time="0.026" classname="parama.para"/>
  <system-out/>
</testsuite> <!-- parama.para -->
